<?xml version="1.0" encoding="UTF-8"?>
<!-- Generated by org.testng.reporters.JUnitXMLReporter -->
<testsuite ignored="1" hostname="Neko" failures="3" tests="36" name="main test" time="1.524" errors="0" timestamp="2021-04-21T19:23:56 ICT">
  <testcase classname="poro.module.SessionTest" name="userIsNull" time="0.019"/>
  <testcase classname="poro.module.SessionTest" name="isLoginTest" time="0.005"/>
  <testcase classname="poro.module.SessionTest" name="logoffTest" time="0.003"/>
  <testcase classname="poro.module.db.data.MuonPhongTest" name="insertMuonPhongTest" time="0.991"/>
  <testcase classname="poro.module.db.data.MuonPhongTest" name="updateMuonPhongTest" time="0.005"/>
  <testcase classname="poro.module.db.data.MuonPhongTest" name="getFullListTest" time="0.068"/>
  <testcase classname="poro.module.db.data.MuonPhongTest" name="getListByPhongNoTest" time="0.006"/>
  <testcase classname="poro.module.db.data.MuonPhongTest" name="getListByPhongYesTest" time="0.005">
    <failure type="java.lang.AssertionError" message="expected [false] but found [true]">
      <![CDATA[java.lang.AssertionError: expected [false] but found [true]
at poro.module.db.data.MuonPhongTest.getListByPhongYesTest(MuonPhongTest.java:24)
at java.base/java.util.ArrayList.forEach(ArrayList.java:1511)
... Removed 31 stack frames]]>
    </failure>
  </testcase> <!-- getListByPhongYesTest -->
  <testcase classname="poro.module.db.data.MuonPhongTest" name="seleteLastMuonPhongTest" time="0.011"/>
  <testcase classname="poro.module.CalendarManagerTest" name="addTimesTest" time="0.003"/>
  <testcase classname="poro.module.CalendarManagerTest" name="getDateByStringTest" time="0.038"/>
  <testcase classname="poro.module.CalendarManagerTest" name="getDaysOfTest" time="0.002"/>
  <testcase classname="poro.module.CalendarManagerTest" name="getNowTest" time="0.001"/>
  <testcase classname="poro.module.CalendarManagerTest" name="getStringTest" time="0.005"/>
  <testcase classname="poro.module.CalendarManagerTest" name="isLeapYearTest" time="0.002"/>
  <testcase classname="poro.module.FileManagerTest" name="readObjectTest" time="0.027">
    <failure type="java.lang.AssertionError" message="expected [poro.module.db.data.TaiKhoan@2101b44a] but found [poro.module.db.data.TaiKhoan@3c9bfddc]">
      <![CDATA[java.lang.AssertionError: expected [poro.module.db.data.TaiKhoan@2101b44a] but found [poro.module.db.data.TaiKhoan@3c9bfddc]
at poro.module.FileManagerTest.readObjectTest(FileManagerTest.java:28)
at java.base/java.util.ArrayList.forEach(ArrayList.java:1511)
... Removed 32 stack frames]]>
    </failure>
  </testcase> <!-- readObjectTest -->
  <testcase classname="poro.module.FileManagerTest" name="readStringTest" time="0.013"/>
  <testcase classname="poro.module.FileManagerTest" name="readTest" time="0.014"/>
  <testcase classname="poro.module.FileManagerTest" name="writeObjectTest" time="0.009">
    <failure type="java.lang.AssertionError" message="expected [poro.module.db.data.TaiKhoan@54e22bdd] but found [poro.module.db.data.TaiKhoan@3bd418e4]">
      <![CDATA[java.lang.AssertionError: expected [poro.module.db.data.TaiKhoan@54e22bdd] but found [poro.module.db.data.TaiKhoan@3bd418e4]
at poro.module.FileManagerTest.writeObjectTest(FileManagerTest.java:55)
at java.base/java.util.ArrayList.forEach(ArrayList.java:1511)
... Removed 32 stack frames]]>
    </failure>
  </testcase> <!-- writeObjectTest -->
  <testcase classname="poro.module.FileManagerTest" name="writeStringTest" time="0.004"/>
  <testcase classname="poro.module.FileManagerTest" name="writeTest" time="0.005"/>
  <testcase classname="poro.module.db.data.TaiKhoanTest" name="InsertTaiKhoan" time="0.005"/>
  <testcase classname="poro.module.db.data.TaiKhoanTest" name="UpdateTaiKhoan" time="0.011"/>
  <testcase classname="poro.module.db.data.TaiKhoanTest" name="selectAllTest" time="0.01"/>
  <testcase classname="poro.module.db.data.TaiKhoanTest" name="selectEmailTest" time="0.007"/>
  <testcase classname="poro.module.db.data.TaiKhoanTest" name="selectUsernameEmailPassTest" time="0.01"/>
  <testcase classname="poro.module.db.data.TaiKhoanTest" name="selectUsernameTest" time="0.01"/>
  <testcase classname="poro.module.db.data.TaiKhoanTest" name="DeleteTaiKhoan" time="0.014"/>
  <testcase classname="poro.module.db.data.PhongTest" name="InsertPhong" time="0.014"/>
  <testcase classname="poro.module.db.data.PhongTest" name="SelectAllphong" time="0.029"/>
  <testcase classname="poro.module.db.data.PhongTest" name="SelectByIdPhong" time="0.01"/>
  <testcase classname="poro.module.db.data.PhongTest" name="UpdatePhong" time="0.007"/>
  <testcase classname="poro.module.EncrypterTest" name="toMD5TestString1" time="0.001"/>
  <testcase classname="poro.module.EncrypterTest" name="toMD5TestString2" time="0.001"/>
  <testcase classname="poro.module.EncrypterTest" name="toMD5Testbyte1" time="0.001"/>
  <testcase classname="poro.module.EncrypterTest" name="toMD5Testbyte2" time="0.001"/>
  <testcase classname="poro.module.SessionTest" name="exitTest" time="0.0">
    <ignored/>
  </testcase> <!-- exitTest -->
</testsuite> <!-- main test -->
