<html>
<head>
<title>TestNG:  main test</title>
<link href="../testng.css" rel="stylesheet" type="text/css" />
<link href="../my-testng.css" rel="stylesheet" type="text/css" />

<style type="text/css">
.log { display: none;} 
.stack-trace { display: none;} 
</style>
<script type="text/javascript">
<!--
function flip(e) {
  current = e.style.display;
  if (current == 'block') {
    e.style.display = 'none';
    return 0;
  }
  else {
    e.style.display = 'block';
    return 1;
  }
}

function toggleBox(szDivId, elem, msg1, msg2)
{
  var res = -1;  if (document.getElementById) {
    res = flip(document.getElementById(szDivId));
  }
  else if (document.all) {
    // this is the way old msie versions work
    res = flip(document.all[szDivId]);
  }
  if(elem) {
    if(res == 0) elem.innerHTML = msg1; else elem.innerHTML = msg2;
  }

}

function toggleAllBoxes() {
  if (document.getElementsByTagName) {
    d = document.getElementsByTagName('div');
    for (i = 0; i < d.length; i++) {
      if (d[i].className == 'log') {
        flip(d[i]);
      }
    }
  }
}

// -->
</script>

</head>
<body>
<h2 align='center'>main test</h2><table border='1' align="center">
<tr>
<td>Tests passed/Failed/Skipped:</td><td>33/3/0</td>
</tr><tr>
<td>Started on:</td><td>Sun Apr 25 01:00:54 ICT 2021</td>
</tr>
<tr><td>Total time:</td><td>1 seconds (1974 ms)</td>
</tr><tr>
<td>Included groups:</td><td></td>
</tr><tr>
<td>Excluded groups:</td><td></td>
</tr>
</table><p/>
<small><i>(Hover the method name to see the test class name)</i></small><p/>
<table width='100%' border='1' class='invocation-failed'>
<tr><td colspan='4' align='center'><b>FAILED TESTS</b></td></tr>
<tr><td><b>Test method</b></td>
<td width="30%"><b>Exception</b></td>
<td width="10%"><b>Time (seconds)</b></td>
<td><b>Instance</b></td>
</tr>
<tr>
<td title='poro.module.db.data.MuonPhongTest.getListByPhongYesTest()'><b>getListByPhongYesTest</b><br>Test class: poro.module.db.data.MuonPhongTest</td>
<td><div><pre>java.lang.AssertionError: expected [false] but found [true]
	at poro.module.db.data.MuonPhongTest.getListByPhongYesTest(MuonPhongTest.java:24)
	at java.base/java.util.ArrayList.forEach(ArrayList.java:1511)
... Removed 31 stack frames</pre></div><a href='#' onClick='toggleBox("stack-trace1863655430", this, "Click to show all stack frames", "Click to hide stack frames")'>Click to show all stack frames</a>
<div class='stack-trace' id='stack-trace1863655430'><pre>java.lang.AssertionError: expected [false] but found [true]
	at org.testng.Assert.fail(Assert.java:99)
	at org.testng.Assert.failNotEquals(Assert.java:1037)
	at org.testng.Assert.assertFalse(Assert.java:67)
	at org.testng.Assert.assertFalse(Assert.java:77)
	at poro.module.db.data.MuonPhongTest.getListByPhongYesTest(MuonPhongTest.java:24)
	at java.base/jdk.internal.reflect.NativeMethodAccessorImpl.invoke0(Native Method)
	at java.base/jdk.internal.reflect.NativeMethodAccessorImpl.invoke(NativeMethodAccessorImpl.java:64)
	at java.base/jdk.internal.reflect.DelegatingMethodAccessorImpl.invoke(DelegatingMethodAccessorImpl.java:43)
	at java.base/java.lang.reflect.Method.invoke(Method.java:564)
	at org.testng.internal.MethodInvocationHelper.invokeMethod(MethodInvocationHelper.java:132)
	at org.testng.internal.TestInvoker.invokeMethod(TestInvoker.java:599)
	at org.testng.internal.TestInvoker.invokeTestMethod(TestInvoker.java:174)
	at org.testng.internal.MethodRunner.runInSequence(MethodRunner.java:46)
	at org.testng.internal.TestInvoker$MethodInvocationAgent.invoke(TestInvoker.java:822)
	at org.testng.internal.TestInvoker.invokeTestMethods(TestInvoker.java:147)
	at org.testng.internal.TestMethodWorker.invokeTestMethods(TestMethodWorker.java:146)
	at org.testng.internal.TestMethodWorker.run(TestMethodWorker.java:128)
	at java.base/java.util.ArrayList.forEach(ArrayList.java:1511)
	at org.testng.TestRunner.privateRun(TestRunner.java:764)
	at org.testng.TestRunner.run(TestRunner.java:585)
	at org.testng.SuiteRunner.runTest(SuiteRunner.java:384)
	at org.testng.SuiteRunner.runSequentially(SuiteRunner.java:378)
	at org.testng.SuiteRunner.privateRun(SuiteRunner.java:337)
	at org.testng.SuiteRunner.run(SuiteRunner.java:286)
	at org.testng.SuiteRunnerWorker.runSuite(SuiteRunnerWorker.java:53)
	at org.testng.SuiteRunnerWorker.run(SuiteRunnerWorker.java:96)
	at org.testng.TestNG.runSuitesSequentially(TestNG.java:1218)
	at org.testng.TestNG.runSuitesLocally(TestNG.java:1140)
	at org.testng.TestNG.runSuites(TestNG.java:1069)
	at org.testng.TestNG.run(TestNG.java:1037)
	at org.testng.remote.AbstractRemoteTestNG.run(AbstractRemoteTestNG.java:115)
	at org.testng.remote.RemoteTestNG.initAndRun(RemoteTestNG.java:251)
	at org.testng.remote.RemoteTestNG.main(RemoteTestNG.java:77)
</pre></div></td>
<td>0</td>
<td>poro.module.db.data.MuonPhongTest@5f16132a</td></tr>
<tr>
<td title='poro.module.FileManagerTest.readObjectTest()'><b>readObjectTest</b><br>Test class: poro.module.FileManagerTest</td>
<td><div><pre>java.lang.AssertionError: expected [poro.module.db.data.TaiKhoan@52d645b1] but found [poro.module.db.data.TaiKhoan@6bb2d00b]
	at poro.module.FileManagerTest.readObjectTest(FileManagerTest.java:28)
	at java.base/java.util.ArrayList.forEach(ArrayList.java:1511)
... Removed 32 stack frames</pre></div><a href='#' onClick='toggleBox("stack-trace446445803", this, "Click to show all stack frames", "Click to hide stack frames")'>Click to show all stack frames</a>
<div class='stack-trace' id='stack-trace446445803'><pre>java.lang.AssertionError: expected [poro.module.db.data.TaiKhoan@52d645b1] but found [poro.module.db.data.TaiKhoan@6bb2d00b]
	at org.testng.Assert.fail(Assert.java:99)
	at org.testng.Assert.failNotEquals(Assert.java:1037)
	at org.testng.Assert.assertEqualsImpl(Assert.java:140)
	at org.testng.Assert.assertEquals(Assert.java:122)
	at org.testng.Assert.assertEquals(Assert.java:617)
	at poro.module.FileManagerTest.readObjectTest(FileManagerTest.java:28)
	at java.base/jdk.internal.reflect.NativeMethodAccessorImpl.invoke0(Native Method)
	at java.base/jdk.internal.reflect.NativeMethodAccessorImpl.invoke(NativeMethodAccessorImpl.java:64)
	at java.base/jdk.internal.reflect.DelegatingMethodAccessorImpl.invoke(DelegatingMethodAccessorImpl.java:43)
	at java.base/java.lang.reflect.Method.invoke(Method.java:564)
	at org.testng.internal.MethodInvocationHelper.invokeMethod(MethodInvocationHelper.java:132)
	at org.testng.internal.TestInvoker.invokeMethod(TestInvoker.java:599)
	at org.testng.internal.TestInvoker.invokeTestMethod(TestInvoker.java:174)
	at org.testng.internal.MethodRunner.runInSequence(MethodRunner.java:46)
	at org.testng.internal.TestInvoker$MethodInvocationAgent.invoke(TestInvoker.java:822)
	at org.testng.internal.TestInvoker.invokeTestMethods(TestInvoker.java:147)
	at org.testng.internal.TestMethodWorker.invokeTestMethods(TestMethodWorker.java:146)
	at org.testng.internal.TestMethodWorker.run(TestMethodWorker.java:128)
	at java.base/java.util.ArrayList.forEach(ArrayList.java:1511)
	at org.testng.TestRunner.privateRun(TestRunner.java:764)
	at org.testng.TestRunner.run(TestRunner.java:585)
	at org.testng.SuiteRunner.runTest(SuiteRunner.java:384)
	at org.testng.SuiteRunner.runSequentially(SuiteRunner.java:378)
	at org.testng.SuiteRunner.privateRun(SuiteRunner.java:337)
	at org.testng.SuiteRunner.run(SuiteRunner.java:286)
	at org.testng.SuiteRunnerWorker.runSuite(SuiteRunnerWorker.java:53)
	at org.testng.SuiteRunnerWorker.run(SuiteRunnerWorker.java:96)
	at org.testng.TestNG.runSuitesSequentially(TestNG.java:1218)
	at org.testng.TestNG.runSuitesLocally(TestNG.java:1140)
	at org.testng.TestNG.runSuites(TestNG.java:1069)
	at org.testng.TestNG.run(TestNG.java:1037)
	at org.testng.remote.AbstractRemoteTestNG.run(AbstractRemoteTestNG.java:115)
	at org.testng.remote.RemoteTestNG.initAndRun(RemoteTestNG.java:251)
	at org.testng.remote.RemoteTestNG.main(RemoteTestNG.java:77)
</pre></div></td>
<td>0</td>
<td>poro.module.FileManagerTest@36d585c</td></tr>
<tr>
<td title='poro.module.FileManagerTest.writeObjectTest()'><b>writeObjectTest</b><br>Test class: poro.module.FileManagerTest</td>
<td><div><pre>java.lang.AssertionError: expected [poro.module.db.data.TaiKhoan@2f4205be] but found [poro.module.db.data.TaiKhoan@54e22bdd]
	at poro.module.FileManagerTest.writeObjectTest(FileManagerTest.java:55)
	at java.base/java.util.ArrayList.forEach(ArrayList.java:1511)
... Removed 32 stack frames</pre></div><a href='#' onClick='toggleBox("stack-trace1414013111", this, "Click to show all stack frames", "Click to hide stack frames")'>Click to show all stack frames</a>
<div class='stack-trace' id='stack-trace1414013111'><pre>java.lang.AssertionError: expected [poro.module.db.data.TaiKhoan@2f4205be] but found [poro.module.db.data.TaiKhoan@54e22bdd]
	at org.testng.Assert.fail(Assert.java:99)
	at org.testng.Assert.failNotEquals(Assert.java:1037)
	at org.testng.Assert.assertEqualsImpl(Assert.java:140)
	at org.testng.Assert.assertEquals(Assert.java:122)
	at org.testng.Assert.assertEquals(Assert.java:617)
	at poro.module.FileManagerTest.writeObjectTest(FileManagerTest.java:55)
	at java.base/jdk.internal.reflect.NativeMethodAccessorImpl.invoke0(Native Method)
	at java.base/jdk.internal.reflect.NativeMethodAccessorImpl.invoke(NativeMethodAccessorImpl.java:64)
	at java.base/jdk.internal.reflect.DelegatingMethodAccessorImpl.invoke(DelegatingMethodAccessorImpl.java:43)
	at java.base/java.lang.reflect.Method.invoke(Method.java:564)
	at org.testng.internal.MethodInvocationHelper.invokeMethod(MethodInvocationHelper.java:132)
	at org.testng.internal.TestInvoker.invokeMethod(TestInvoker.java:599)
	at org.testng.internal.TestInvoker.invokeTestMethod(TestInvoker.java:174)
	at org.testng.internal.MethodRunner.runInSequence(MethodRunner.java:46)
	at org.testng.internal.TestInvoker$MethodInvocationAgent.invoke(TestInvoker.java:822)
	at org.testng.internal.TestInvoker.invokeTestMethods(TestInvoker.java:147)
	at org.testng.internal.TestMethodWorker.invokeTestMethods(TestMethodWorker.java:146)
	at org.testng.internal.TestMethodWorker.run(TestMethodWorker.java:128)
	at java.base/java.util.ArrayList.forEach(ArrayList.java:1511)
	at org.testng.TestRunner.privateRun(TestRunner.java:764)
	at org.testng.TestRunner.run(TestRunner.java:585)
	at org.testng.SuiteRunner.runTest(SuiteRunner.java:384)
	at org.testng.SuiteRunner.runSequentially(SuiteRunner.java:378)
	at org.testng.SuiteRunner.privateRun(SuiteRunner.java:337)
	at org.testng.SuiteRunner.run(SuiteRunner.java:286)
	at org.testng.SuiteRunnerWorker.runSuite(SuiteRunnerWorker.java:53)
	at org.testng.SuiteRunnerWorker.run(SuiteRunnerWorker.java:96)
	at org.testng.TestNG.runSuitesSequentially(TestNG.java:1218)
	at org.testng.TestNG.runSuitesLocally(TestNG.java:1140)
	at org.testng.TestNG.runSuites(TestNG.java:1069)
	at org.testng.TestNG.run(TestNG.java:1037)
	at org.testng.remote.AbstractRemoteTestNG.run(AbstractRemoteTestNG.java:115)
	at org.testng.remote.RemoteTestNG.initAndRun(RemoteTestNG.java:251)
	at org.testng.remote.RemoteTestNG.main(RemoteTestNG.java:77)
</pre></div></td>
<td>0</td>
<td>poro.module.FileManagerTest@36d585c</td></tr>
</table><p>
<table width='100%' border='1' class='invocation-passed'>
<tr><td colspan='4' align='center'><b>PASSED TESTS</b></td></tr>
<tr><td><b>Test method</b></td>
<td width="30%"><b>Exception</b></td>
<td width="10%"><b>Time (seconds)</b></td>
<td><b>Instance</b></td>
</tr>
<tr>
<td title='poro.module.db.data.TaiKhoanTest.DeleteTaiKhoan()'><b>DeleteTaiKhoan</b><br>Test class: poro.module.db.data.TaiKhoanTest</td>
<td></td>
<td>0</td>
<td>poro.module.db.data.TaiKhoanTest@87a85e1</td></tr>
<tr>
<td title='poro.module.db.data.PhongTest.InsertPhong()'><b>InsertPhong</b><br>Test class: poro.module.db.data.PhongTest</td>
<td></td>
<td>0</td>
<td>poro.module.db.data.PhongTest@671a5887</td></tr>
<tr>
<td title='poro.module.db.data.TaiKhoanTest.InsertTaiKhoan()'><b>InsertTaiKhoan</b><br>Test class: poro.module.db.data.TaiKhoanTest</td>
<td></td>
<td>0</td>
<td>poro.module.db.data.TaiKhoanTest@87a85e1</td></tr>
<tr>
<td title='poro.module.db.data.PhongTest.SelectAllphong()'><b>SelectAllphong</b><br>Test class: poro.module.db.data.PhongTest</td>
<td></td>
<td>0</td>
<td>poro.module.db.data.PhongTest@671a5887</td></tr>
<tr>
<td title='poro.module.db.data.PhongTest.SelectByIdPhong()'><b>SelectByIdPhong</b><br>Test class: poro.module.db.data.PhongTest</td>
<td></td>
<td>0</td>
<td>poro.module.db.data.PhongTest@671a5887</td></tr>
<tr>
<td title='poro.module.db.data.PhongTest.UpdatePhong()'><b>UpdatePhong</b><br>Test class: poro.module.db.data.PhongTest</td>
<td></td>
<td>0</td>
<td>poro.module.db.data.PhongTest@671a5887</td></tr>
<tr>
<td title='poro.module.db.data.TaiKhoanTest.UpdateTaiKhoan()'><b>UpdateTaiKhoan</b><br>Test class: poro.module.db.data.TaiKhoanTest</td>
<td></td>
<td>0</td>
<td>poro.module.db.data.TaiKhoanTest@87a85e1</td></tr>
<tr>
<td title='poro.module.CalendarManagerTest.addTimesTest()'><b>addTimesTest</b><br>Test class: poro.module.CalendarManagerTest</td>
<td></td>
<td>0</td>
<td>poro.module.CalendarManagerTest@69fb6037</td></tr>
<tr>
<td title='poro.module.CalendarManagerTest.getDateByStringTest()'><b>getDateByStringTest</b><br>Test class: poro.module.CalendarManagerTest</td>
<td></td>
<td>0</td>
<td>poro.module.CalendarManagerTest@69fb6037</td></tr>
<tr>
<td title='poro.module.CalendarManagerTest.getDaysOfTest()'><b>getDaysOfTest</b><br>Test class: poro.module.CalendarManagerTest</td>
<td></td>
<td>0</td>
<td>poro.module.CalendarManagerTest@69fb6037</td></tr>
<tr>
<td title='poro.module.db.data.MuonPhongTest.getFullListTest()'><b>getFullListTest</b><br>Test class: poro.module.db.data.MuonPhongTest</td>
<td></td>
<td>0</td>
<td>poro.module.db.data.MuonPhongTest@5f16132a</td></tr>
<tr>
<td title='poro.module.db.data.MuonPhongTest.getListByPhongNoTest()'><b>getListByPhongNoTest</b><br>Test class: poro.module.db.data.MuonPhongTest</td>
<td></td>
<td>0</td>
<td>poro.module.db.data.MuonPhongTest@5f16132a</td></tr>
<tr>
<td title='poro.module.CalendarManagerTest.getNowTest()'><b>getNowTest</b><br>Test class: poro.module.CalendarManagerTest</td>
<td></td>
<td>0</td>
<td>poro.module.CalendarManagerTest@69fb6037</td></tr>
<tr>
<td title='poro.module.CalendarManagerTest.getStringTest()'><b>getStringTest</b><br>Test class: poro.module.CalendarManagerTest</td>
<td></td>
<td>0</td>
<td>poro.module.CalendarManagerTest@69fb6037</td></tr>
<tr>
<td title='poro.module.db.data.MuonPhongTest.insertMuonPhongTest()'><b>insertMuonPhongTest</b><br>Test class: poro.module.db.data.MuonPhongTest</td>
<td></td>
<td>1</td>
<td>poro.module.db.data.MuonPhongTest@5f16132a</td></tr>
<tr>
<td title='poro.module.CalendarManagerTest.isLeapYearTest()'><b>isLeapYearTest</b><br>Test class: poro.module.CalendarManagerTest</td>
<td></td>
<td>0</td>
<td>poro.module.CalendarManagerTest@69fb6037</td></tr>
<tr>
<td title='poro.module.SessionTest.isLoginTest()'><b>isLoginTest</b><br>Test class: poro.module.SessionTest</td>
<td></td>
<td>0</td>
<td>poro.module.SessionTest@dd0c991</td></tr>
<tr>
<td title='poro.module.SessionTest.logoffTest()'><b>logoffTest</b><br>Test class: poro.module.SessionTest</td>
<td></td>
<td>0</td>
<td>poro.module.SessionTest@dd0c991</td></tr>
<tr>
<td title='poro.module.FileManagerTest.readStringTest()'><b>readStringTest</b><br>Test class: poro.module.FileManagerTest</td>
<td></td>
<td>0</td>
<td>poro.module.FileManagerTest@36d585c</td></tr>
<tr>
<td title='poro.module.FileManagerTest.readTest()'><b>readTest</b><br>Test class: poro.module.FileManagerTest</td>
<td></td>
<td>0</td>
<td>poro.module.FileManagerTest@36d585c</td></tr>
<tr>
<td title='poro.module.db.data.TaiKhoanTest.selectAllTest()'><b>selectAllTest</b><br>Test class: poro.module.db.data.TaiKhoanTest</td>
<td></td>
<td>0</td>
<td>poro.module.db.data.TaiKhoanTest@87a85e1</td></tr>
<tr>
<td title='poro.module.db.data.TaiKhoanTest.selectEmailTest()'><b>selectEmailTest</b><br>Test class: poro.module.db.data.TaiKhoanTest</td>
<td></td>
<td>0</td>
<td>poro.module.db.data.TaiKhoanTest@87a85e1</td></tr>
<tr>
<td title='poro.module.db.data.TaiKhoanTest.selectUsernameEmailPassTest()'><b>selectUsernameEmailPassTest</b><br>Test class: poro.module.db.data.TaiKhoanTest</td>
<td></td>
<td>0</td>
<td>poro.module.db.data.TaiKhoanTest@87a85e1</td></tr>
<tr>
<td title='poro.module.db.data.TaiKhoanTest.selectUsernameTest()'><b>selectUsernameTest</b><br>Test class: poro.module.db.data.TaiKhoanTest</td>
<td></td>
<td>0</td>
<td>poro.module.db.data.TaiKhoanTest@87a85e1</td></tr>
<tr>
<td title='poro.module.db.data.MuonPhongTest.seleteLastMuonPhongTest()'><b>seleteLastMuonPhongTest</b><br>Test class: poro.module.db.data.MuonPhongTest</td>
<td></td>
<td>0</td>
<td>poro.module.db.data.MuonPhongTest@5f16132a</td></tr>
<tr>
<td title='poro.module.EncrypterTest.toMD5TestString1()'><b>toMD5TestString1</b><br>Test class: poro.module.EncrypterTest</td>
<td></td>
<td>0</td>
<td>poro.module.EncrypterTest@5552768b</td></tr>
<tr>
<td title='poro.module.EncrypterTest.toMD5TestString2()'><b>toMD5TestString2</b><br>Test class: poro.module.EncrypterTest</td>
<td></td>
<td>0</td>
<td>poro.module.EncrypterTest@5552768b</td></tr>
<tr>
<td title='poro.module.EncrypterTest.toMD5Testbyte1()'><b>toMD5Testbyte1</b><br>Test class: poro.module.EncrypterTest</td>
<td></td>
<td>0</td>
<td>poro.module.EncrypterTest@5552768b</td></tr>
<tr>
<td title='poro.module.EncrypterTest.toMD5Testbyte2()'><b>toMD5Testbyte2</b><br>Test class: poro.module.EncrypterTest</td>
<td></td>
<td>0</td>
<td>poro.module.EncrypterTest@5552768b</td></tr>
<tr>
<td title='poro.module.db.data.MuonPhongTest.updateMuonPhongTest()'><b>updateMuonPhongTest</b><br>Test class: poro.module.db.data.MuonPhongTest</td>
<td></td>
<td>0</td>
<td>poro.module.db.data.MuonPhongTest@5f16132a</td></tr>
<tr>
<td title='poro.module.SessionTest.userIsNull()'><b>userIsNull</b><br>Test class: poro.module.SessionTest</td>
<td></td>
<td>0</td>
<td>poro.module.SessionTest@dd0c991</td></tr>
<tr>
<td title='poro.module.FileManagerTest.writeStringTest()'><b>writeStringTest</b><br>Test class: poro.module.FileManagerTest</td>
<td></td>
<td>0</td>
<td>poro.module.FileManagerTest@36d585c</td></tr>
<tr>
<td title='poro.module.FileManagerTest.writeTest()'><b>writeTest</b><br>Test class: poro.module.FileManagerTest</td>
<td></td>
<td>0</td>
<td>poro.module.FileManagerTest@36d585c</td></tr>
</table><p>
</body>
</html>